<?xml version="1.0" encoding="UTF-8"?>
<!-- Generated by org.testng.reporters.JUnitXMLReporter -->
<testsuite ignored="3" hostname="Manpreets-MacBook-Air.local" failures="0" tests="1" name="Default test" time="17.43" errors="0" timestamp="2026-04-05T20:37:27 EDT">
  <testcase classname="Assignments.TableAssignment" name="TestCase4" time="1.47"/>
  <testcase classname="Assignments.TableAssignment" name="TestCase1" time="0.0">
    <ignored/>
  </testcase> <!-- TestCase1 -->
  <testcase classname="Assignments.TableAssignment" name="TestCase3" time="0.0">
    <ignored/>
  </testcase> <!-- TestCase3 -->
  <testcase classname="Assignments.TableAssignment" name="TestCase2" time="0.0">
    <ignored/>
  </testcase> <!-- TestCase2 -->
</testsuite> <!-- Default test -->
