<?xml version="1.0" encoding="UTF-8"?>
<testng-results ignored="0" total="1" passed="1" failed="0" skipped="0">
  <reporter-output>
  </reporter-output>
  <suite started-at="2026-04-05T20:37:09 EDT" name="Default suite" finished-at="2026-04-05T20:37:27 EDT" duration-ms="17430">
    <groups>
    </groups>
    <test started-at="2026-04-05T20:37:09 EDT" name="Default test" finished-at="2026-04-05T20:37:27 EDT" duration-ms="17430">
      <class name="Assignments.TableAssignment">
        <test-method is-config="true" signature="preReq()[pri:0, instance:Assignments.TableAssignment@4efbca5a]" started-at="2026-04-05T20:37:10 EDT" name="preReq" finished-at="2026-04-05T20:37:25 EDT" duration-ms="15913" status="PASS">
          <reporter-output>
          </reporter-output>
        </test-method> <!-- preReq -->
        <test-method signature="TestCase4()[pri:0, instance:Assignments.TableAssignment@4efbca5a]" started-at="2026-04-05T20:37:25 EDT" name="TestCase4" finished-at="2026-04-05T20:37:27 EDT" duration-ms="1470" status="PASS">
          <reporter-output>
          </reporter-output>
        </test-method> <!-- TestCase4 -->
      </class> <!-- Assignments.TableAssignment -->
    </test> <!-- Default test -->
  </suite> <!-- Default suite -->
</testng-results>
