<?xml version="1.0" encoding="UTF-8"?>
<!-- Generated by org.testng.reporters.JUnitReportReporter -->
<testsuite hostname="Manpreets-MacBook-Air.local" failures="0" tests="3" name="Assignments.Test1" time="19.704" errors="0" timestamp="2026-03-23T09:13:50 EDT" skipped="0">
  <testcase classname="Assignments.Test1" name="enableTextField" time="7.466"/>
  <testcase classname="Assignments.Test1" name="dropdownPerform" time="5.090"/>
  <testcase classname="Assignments.Test1" name="removeAddCheckBox" time="7.148"/>
</testsuite> <!-- Assignments.Test1 -->
