<?xml version="1.0" encoding="UTF-8"?>
<!-- Generated by org.testng.reporters.JUnitReportReporter -->
<testsuite hostname="Manpreets-MacBook-Air.local" failures="0" tests="5" name="Assignments.Alerts" time="17.762" errors="0" timestamp="2026-03-31T15:21:35 EDT" skipped="0">
  <testcase classname="Assignments.Alerts" name="onClickJsPromptAlert" time="3.087"/>
  <testcase classname="Assignments.Alerts" name="onClickJsPromptCancelAlert" time="3.303"/>
  <testcase classname="Assignments.Alerts" name="onClickJsConfirmDismissAlert" time="3.076"/>
  <testcase classname="Assignments.Alerts" name="onClickJsConfirmAlert" time="5.309"/>
  <testcase classname="Assignments.Alerts" name="onClickJsAlert" time="2.987"/>
</testsuite> <!-- Assignments.Alerts -->
